<?xml version="1.0" encoding="UTF-8"?>
<testng-results skipped="0" failed="0" total="1" passed="1">
  <reporter-output>
  </reporter-output>
  <suite name="Default suite" duration-ms="7333" started-at="2018-02-17T18:15:29Z" finished-at="2018-02-17T18:15:36Z">
    <groups>
    </groups>
    <test name="Default test" duration-ms="7333" started-at="2018-02-17T18:15:29Z" finished-at="2018-02-17T18:15:36Z">
      <class name="myMavenProjectTest.myMavenProjectChromeLaunch">
        <test-method status="PASS" signature="chromeLaunch()[pri:0, instance:myMavenProjectTest.myMavenProjectChromeLaunch@4590c9c3]" name="chromeLaunch" duration-ms="7314" started-at="2018-02-17T18:15:29Z" finished-at="2018-02-17T18:15:36Z">
        </test-method> <!-- chromeLaunch -->
      </class> <!-- myMavenProjectTest.myMavenProjectChromeLaunch -->
    </test> <!-- Default test -->
  </suite> <!-- Default suite -->
</testng-results>
