<?xml version="1.0" encoding="UTF-8"?>
<testng-results skipped="0" failed="0" total="1" passed="1">
  <reporter-output>
  </reporter-output>
  <suite name="Suite" duration-ms="7620" started-at="2018-02-17T17:49:55Z" finished-at="2018-02-17T17:50:02Z">
    <groups>
    </groups>
    <test name="Test" duration-ms="7620" started-at="2018-02-17T17:49:55Z" finished-at="2018-02-17T17:50:02Z">
      <class name="myMavenProjectTest.myMavenProjectChromeLaunch">
        <test-method status="PASS" signature="chromeLaunch()[pri:0, instance:myMavenProjectTest.myMavenProjectChromeLaunch@5cc7c2a6]" name="chromeLaunch" duration-ms="7602" started-at="2018-02-17T17:49:55Z" finished-at="2018-02-17T17:50:02Z">
        </test-method> <!-- chromeLaunch -->
      </class> <!-- myMavenProjectTest.myMavenProjectChromeLaunch -->
    </test> <!-- Test -->
  </suite> <!-- Suite -->
</testng-results>
